C:\USERS\STUDENT\DOCUMENTS\VISUAL STUDIO 2010\PROJECTS\LAB2\LAB2\DEBUG\LAB2.PCH
C:\USERS\STUDENT\DOCUMENTS\VISUAL STUDIO 2010\PROJECTS\LAB2\LAB2\DEBUG\STDAFX.OBJ
C:\USERS\STUDENT\DOCUMENTS\VISUAL STUDIO 2010\PROJECTS\LAB2\LAB2\DEBUG\VC100.PDB
C:\USERS\STUDENT\DOCUMENTS\VISUAL STUDIO 2010\PROJECTS\LAB2\LAB2\DEBUG\LAB2.OBJ
C:\USERS\STUDENT\DOCUMENTS\VISUAL STUDIO 2010\PROJECTS\LAB2\DEBUG\LAB2.ILK
C:\USERS\STUDENT\DOCUMENTS\VISUAL STUDIO 2010\PROJECTS\LAB2\DEBUG\LAB2.EXE
C:\USERS\STUDENT\DOCUMENTS\VISUAL STUDIO 2010\PROJECTS\LAB2\LAB2\DEBUG\LAB2.EXE.INTERMEDIATE.MANIFEST
C:\USERS\STUDENT\DOCUMENTS\VISUAL STUDIO 2010\PROJECTS\LAB2\DEBUG\LAB2.PDB
C:\USERS\STUDENT\DOCUMENTS\VISUAL STUDIO 2010\PROJECTS\LAB2\LAB2\DEBUG\LAB2.EXE.EMBED.MANIFEST
C:\USERS\STUDENT\DOCUMENTS\VISUAL STUDIO 2010\PROJECTS\LAB2\LAB2\DEBUG\LAB2.EXE.EMBED.MANIFEST.RES
C:\Users\Bilal\Desktop\Courses\OS\01.06.11.2014\01.06.11.2014\Desktop\lab2\lab2\Debug\lab2.obj
C:\Users\Bilal\Desktop\Courses\OS\01.06.11.2014\01.06.11.2014\Desktop\lab2\lab2\Debug\stdafx.obj
C:\Users\Bilal\Desktop\Courses\OS\01.06.11.2014\01.06.11.2014\Desktop\lab2\lab2\Debug\cl.command.1.tlog
C:\Users\Bilal\Desktop\Courses\OS\01.06.11.2014\01.06.11.2014\Desktop\lab2\lab2\Debug\CL.read.1.tlog
C:\Users\Bilal\Desktop\Courses\OS\01.06.11.2014\01.06.11.2014\Desktop\lab2\lab2\Debug\CL.write.1.tlog
C:\Users\Bilal\Desktop\Courses\OS\01.06.11.2014\01.06.11.2014\Desktop\lab2\lab2\Debug\link-cvtres.read.1.tlog
C:\Users\Bilal\Desktop\Courses\OS\01.06.11.2014\01.06.11.2014\Desktop\lab2\lab2\Debug\link-cvtres.write.1.tlog
C:\Users\Bilal\Desktop\Courses\OS\01.06.11.2014\01.06.11.2014\Desktop\lab2\lab2\Debug\link.2772-cvtres.read.1.tlog
C:\Users\Bilal\Desktop\Courses\OS\01.06.11.2014\01.06.11.2014\Desktop\lab2\lab2\Debug\link.2772-cvtres.write.1.tlog
C:\Users\Bilal\Desktop\Courses\OS\01.06.11.2014\01.06.11.2014\Desktop\lab2\lab2\Debug\link.2772.read.1.tlog
C:\Users\Bilal\Desktop\Courses\OS\01.06.11.2014\01.06.11.2014\Desktop\lab2\lab2\Debug\link.2772.write.1.tlog
C:\Users\Bilal\Desktop\Courses\OS\01.06.11.2014\01.06.11.2014\Desktop\lab2\lab2\Debug\link.command.1.tlog
C:\Users\Bilal\Desktop\Courses\OS\01.06.11.2014\01.06.11.2014\Desktop\lab2\lab2\Debug\link.read.1.tlog
C:\Users\Bilal\Desktop\Courses\OS\01.06.11.2014\01.06.11.2014\Desktop\lab2\lab2\Debug\link.write.1.tlog
C:\Users\Bilal\Desktop\Courses\OS\01.06.11.2014\01.06.11.2014\Desktop\lab2\lab2\Debug\mt.command.1.tlog
C:\Users\Bilal\Desktop\Courses\OS\01.06.11.2014\01.06.11.2014\Desktop\lab2\lab2\Debug\mt.read.1.tlog
C:\Users\Bilal\Desktop\Courses\OS\01.06.11.2014\01.06.11.2014\Desktop\lab2\lab2\Debug\mt.write.1.tlog
C:\Users\Bilal\Desktop\Courses\OS\01.06.11.2014\01.06.11.2014\Desktop\lab2\lab2\Debug\rc.command.1.tlog
C:\Users\Bilal\Desktop\Courses\OS\01.06.11.2014\01.06.11.2014\Desktop\lab2\lab2\Debug\rc.read.1.tlog
C:\Users\Bilal\Desktop\Courses\OS\01.06.11.2014\01.06.11.2014\Desktop\lab2\lab2\Debug\rc.write.1.tlog
C:\Users\Bilal\Desktop\Courses\OS\01.06.11.2014\01.06.11.2014\Desktop\lab2\lab2\Debug\lab2.exe.embed.manifest
C:\Users\Bilal\Desktop\Courses\OS\01.06.11.2014\01.06.11.2014\Desktop\lab2\lab2\Debug\lab2.exe.intermediate.manifest
C:\Users\Bilal\Desktop\Courses\OS\01.06.11.2014\01.06.11.2014\Desktop\lab2\lab2\Debug\lab2.exe.embed.manifest.res
C:\Users\Bilal\Desktop\Courses\OS\01.06.11.2014\01.06.11.2014\Desktop\lab2\lab2\Debug\lab2.pch
C:\Users\Bilal\Desktop\Courses\OS\01.06.11.2014\01.06.11.2014\Desktop\lab2\lab2\Debug\vc100.idb
C:\Users\Bilal\Desktop\Courses\OS\01.06.11.2014\01.06.11.2014\Desktop\lab2\lab2\Debug\vc100.pdb
C:\Users\Bilal\Desktop\Courses\OS\01.06.11.2014\01.06.11.2014\Desktop\lab2\lab2\Debug\lab2_manifest.rc
